<?xml version="1.0" encoding="UTF-8"?>
<robot generator="Robot 3.2.1 (Python 3.8.3 on win32)" generated="20200720 17:03:21.716" rpa="false">
<suite id="s1" name="Tests" source="C:\roboweek\ninjachef\web\tests">
<suite id="s1-s1" name="Cadastro-Usuario" source="C:\roboweek\ninjachef\web\tests\cadastro-usuario.robot">
<test id="s1-s1-t1" name="Cadastro simples">
<kw name="Open Session" library="base" type="setup">
<kw name="Open Browser" library="SeleniumLibrary">
<doc>Opens a new browser instance to the optional ``url``.</doc>
<arguments>
<arg>about:blank</arg>
<arg>chrome</arg>
</arguments>
<msg timestamp="20200720 17:03:21.933" level="INFO">Opening browser 'chrome' to base url 'about:blank'.</msg>
<status status="PASS" starttime="20200720 17:03:21.933" endtime="20200720 17:03:25.098"></status>
</kw>
<status status="PASS" starttime="20200720 17:03:21.933" endtime="20200720 17:03:25.099"></status>
</kw>
<kw name="Dado que acesso a pagina principal" library="kws">
<kw name="Go To" library="SeleniumLibrary">
<doc>Navigates the current browser window to the provided ``url``.</doc>
<arguments>
<arg>${base_url}</arg>
</arguments>
<msg timestamp="20200720 17:03:25.100" level="INFO">Opening url 'http://ninjachef-qaninja-io.umbler.net/'</msg>
<status status="PASS" starttime="20200720 17:03:25.100" endtime="20200720 17:03:25.756"></status>
</kw>
<status status="PASS" starttime="20200720 17:03:25.099" endtime="20200720 17:03:25.756"></status>
</kw>
<kw name="Quando submeto o meu email &quot;joao@gmail.com&quot;" library="kws">
<kw name="Input Text" library="SeleniumLibrary">
<doc>Types the given ``text`` into the text field identified by ``locator``.</doc>
<arguments>
<arg>${CAMPO_EMAIL}</arg>
<arg>${email}</arg>
</arguments>
<msg timestamp="20200720 17:03:25.758" level="INFO">Typing text 'joao@gmail.com' into text field 'id:email'.</msg>
<status status="PASS" starttime="20200720 17:03:25.758" endtime="20200720 17:03:25.951"></status>
</kw>
<kw name="Click Element" library="SeleniumLibrary">
<doc>Click the element identified by ``locator``.</doc>
<arguments>
<arg>${BOTAO_ENTRAR}</arg>
</arguments>
<msg timestamp="20200720 17:03:25.951" level="INFO">Clicking element 'css:button[type=submit]'.</msg>
<status status="PASS" starttime="20200720 17:03:25.951" endtime="20200720 17:03:26.013"></status>
</kw>
<status status="PASS" starttime="20200720 17:03:25.757" endtime="20200720 17:03:26.013"></status>
</kw>
<kw name="Então devo ser autenticado" library="kws">
<kw name="Wait Until Page Contains Element" library="SeleniumLibrary">
<doc>Waits until the element ``locator`` appears on the current page.</doc>
<arguments>
<arg>${DIV_DASH}</arg>
</arguments>
<status status="PASS" starttime="20200720 17:03:26.014" endtime="20200720 17:03:26.645"></status>
</kw>
<status status="PASS" starttime="20200720 17:03:26.014" endtime="20200720 17:03:26.645"></status>
</kw>
<kw name="Close Session" library="base" type="teardown">
<kw name="Capture Page Screenshot" library="SeleniumLibrary">
<doc>Takes a screenshot of the current page and embeds it into a log file.</doc>
<msg timestamp="20200720 17:03:27.032" level="INFO" html="yes">&lt;/td&gt;&lt;/tr&gt;&lt;tr&gt;&lt;td colspan="3"&gt;&lt;a href="selenium-screenshot-7.png"&gt;&lt;img src="selenium-screenshot-7.png" width="800px"&gt;&lt;/a&gt;</msg>
<status status="PASS" starttime="20200720 17:03:26.646" endtime="20200720 17:03:27.033"></status>
</kw>
<kw name="Close Browser" library="SeleniumLibrary">
<doc>Closes the current browser.</doc>
<status status="PASS" starttime="20200720 17:03:27.033" endtime="20200720 17:03:29.738"></status>
</kw>
<status status="PASS" starttime="20200720 17:03:26.646" endtime="20200720 17:03:29.739"></status>
</kw>
<status status="PASS" starttime="20200720 17:03:21.932" endtime="20200720 17:03:29.741" critical="yes"></status>
</test>
<test id="s1-s1-t2" name="Email incorreto">
<kw name="Open Session" library="base" type="setup">
<kw name="Open Browser" library="SeleniumLibrary">
<doc>Opens a new browser instance to the optional ``url``.</doc>
<arguments>
<arg>about:blank</arg>
<arg>chrome</arg>
</arguments>
<msg timestamp="20200720 17:03:29.753" level="INFO">Opening browser 'chrome' to base url 'about:blank'.</msg>
<status status="PASS" starttime="20200720 17:03:29.752" endtime="20200720 17:03:32.926"></status>
</kw>
<status status="PASS" starttime="20200720 17:03:29.750" endtime="20200720 17:03:32.926"></status>
</kw>
<kw name="Dado que acesso a pagina principal" library="kws">
<kw name="Go To" library="SeleniumLibrary">
<doc>Navigates the current browser window to the provided ``url``.</doc>
<arguments>
<arg>${base_url}</arg>
</arguments>
<msg timestamp="20200720 17:03:32.927" level="INFO">Opening url 'http://ninjachef-qaninja-io.umbler.net/'</msg>
<status status="PASS" starttime="20200720 17:03:32.927" endtime="20200720 17:03:33.590"></status>
</kw>
<status status="PASS" starttime="20200720 17:03:32.926" endtime="20200720 17:03:33.590"></status>
</kw>
<kw name="Quando submeto o meu email &quot;joao&amp;yahoo.com&quot;" library="kws">
<kw name="Input Text" library="SeleniumLibrary">
<doc>Types the given ``text`` into the text field identified by ``locator``.</doc>
<arguments>
<arg>${CAMPO_EMAIL}</arg>
<arg>${email}</arg>
</arguments>
<msg timestamp="20200720 17:03:33.591" level="INFO">Typing text 'joao&amp;yahoo.com' into text field 'id:email'.</msg>
<status status="PASS" starttime="20200720 17:03:33.591" endtime="20200720 17:03:33.737"></status>
</kw>
<kw name="Click Element" library="SeleniumLibrary">
<doc>Click the element identified by ``locator``.</doc>
<arguments>
<arg>${BOTAO_ENTRAR}</arg>
</arguments>
<msg timestamp="20200720 17:03:33.737" level="INFO">Clicking element 'css:button[type=submit]'.</msg>
<status status="PASS" starttime="20200720 17:03:33.737" endtime="20200720 17:03:33.777"></status>
</kw>
<status status="PASS" starttime="20200720 17:03:33.590" endtime="20200720 17:03:33.778"></status>
</kw>
<kw name="Então devo ver a mensagem &quot;Oops. Informe um email válido!&quot;" library="kws">
<kw name="Wait Until Element Contains" library="SeleniumLibrary">
<doc>Waits until the element ``locator`` contains ``text``.</doc>
<arguments>
<arg>${DIV_ALERT}</arg>
<arg>${expect_message}</arg>
</arguments>
<status status="PASS" starttime="20200720 17:03:33.778" endtime="20200720 17:03:33.803"></status>
</kw>
<status status="PASS" starttime="20200720 17:03:33.778" endtime="20200720 17:03:33.803"></status>
</kw>
<kw name="Close Session" library="base" type="teardown">
<kw name="Capture Page Screenshot" library="SeleniumLibrary">
<doc>Takes a screenshot of the current page and embeds it into a log file.</doc>
<msg timestamp="20200720 17:03:34.158" level="INFO" html="yes">&lt;/td&gt;&lt;/tr&gt;&lt;tr&gt;&lt;td colspan="3"&gt;&lt;a href="selenium-screenshot-8.png"&gt;&lt;img src="selenium-screenshot-8.png" width="800px"&gt;&lt;/a&gt;</msg>
<status status="PASS" starttime="20200720 17:03:33.804" endtime="20200720 17:03:34.158"></status>
</kw>
<kw name="Close Browser" library="SeleniumLibrary">
<doc>Closes the current browser.</doc>
<status status="PASS" starttime="20200720 17:03:34.158" endtime="20200720 17:03:36.286"></status>
</kw>
<status status="PASS" starttime="20200720 17:03:33.804" endtime="20200720 17:03:36.287"></status>
</kw>
<status status="PASS" starttime="20200720 17:03:29.747" endtime="20200720 17:03:36.288" critical="yes"></status>
</test>
<test id="s1-s1-t3" name="Email não informado">
<kw name="Open Session" library="base" type="setup">
<kw name="Open Browser" library="SeleniumLibrary">
<doc>Opens a new browser instance to the optional ``url``.</doc>
<arguments>
<arg>about:blank</arg>
<arg>chrome</arg>
</arguments>
<msg timestamp="20200720 17:03:36.292" level="INFO">Opening browser 'chrome' to base url 'about:blank'.</msg>
<status status="PASS" starttime="20200720 17:03:36.291" endtime="20200720 17:03:39.452"></status>
</kw>
<status status="PASS" starttime="20200720 17:03:36.291" endtime="20200720 17:03:39.453"></status>
</kw>
<kw name="Dado que acesso a pagina principal" library="kws">
<kw name="Go To" library="SeleniumLibrary">
<doc>Navigates the current browser window to the provided ``url``.</doc>
<arguments>
<arg>${base_url}</arg>
</arguments>
<msg timestamp="20200720 17:03:39.454" level="INFO">Opening url 'http://ninjachef-qaninja-io.umbler.net/'</msg>
<status status="PASS" starttime="20200720 17:03:39.454" endtime="20200720 17:03:40.300"></status>
</kw>
<status status="PASS" starttime="20200720 17:03:39.453" endtime="20200720 17:03:40.301"></status>
</kw>
<kw name="Quando submeto o meu email &quot;${EMPTY}&quot;" library="kws">
<kw name="Input Text" library="SeleniumLibrary">
<doc>Types the given ``text`` into the text field identified by ``locator``.</doc>
<arguments>
<arg>${CAMPO_EMAIL}</arg>
<arg>${email}</arg>
</arguments>
<msg timestamp="20200720 17:03:40.303" level="INFO">Typing text '' into text field 'id:email'.</msg>
<status status="PASS" starttime="20200720 17:03:40.302" endtime="20200720 17:03:40.413"></status>
</kw>
<kw name="Click Element" library="SeleniumLibrary">
<doc>Click the element identified by ``locator``.</doc>
<arguments>
<arg>${BOTAO_ENTRAR}</arg>
</arguments>
<msg timestamp="20200720 17:03:40.414" level="INFO">Clicking element 'css:button[type=submit]'.</msg>
<status status="PASS" starttime="20200720 17:03:40.414" endtime="20200720 17:03:40.499"></status>
</kw>
<status status="PASS" starttime="20200720 17:03:40.301" endtime="20200720 17:03:40.499"></status>
</kw>
<kw name="Então devo ver a mensagem &quot;Oops. Informe um email válido!&quot;" library="kws">
<kw name="Wait Until Element Contains" library="SeleniumLibrary">
<doc>Waits until the element ``locator`` contains ``text``.</doc>
<arguments>
<arg>${DIV_ALERT}</arg>
<arg>${expect_message}</arg>
</arguments>
<status status="PASS" starttime="20200720 17:03:40.500" endtime="20200720 17:03:40.527"></status>
</kw>
<status status="PASS" starttime="20200720 17:03:40.500" endtime="20200720 17:03:40.527"></status>
</kw>
<kw name="Close Session" library="base" type="teardown">
<kw name="Capture Page Screenshot" library="SeleniumLibrary">
<doc>Takes a screenshot of the current page and embeds it into a log file.</doc>
<msg timestamp="20200720 17:03:40.880" level="INFO" html="yes">&lt;/td&gt;&lt;/tr&gt;&lt;tr&gt;&lt;td colspan="3"&gt;&lt;a href="selenium-screenshot-9.png"&gt;&lt;img src="selenium-screenshot-9.png" width="800px"&gt;&lt;/a&gt;</msg>
<status status="PASS" starttime="20200720 17:03:40.528" endtime="20200720 17:03:40.880"></status>
</kw>
<kw name="Close Browser" library="SeleniumLibrary">
<doc>Closes the current browser.</doc>
<status status="PASS" starttime="20200720 17:03:40.881" endtime="20200720 17:03:43.227"></status>
</kw>
<status status="PASS" starttime="20200720 17:03:40.528" endtime="20200720 17:03:43.227"></status>
</kw>
<status status="PASS" starttime="20200720 17:03:36.290" endtime="20200720 17:03:43.227" critical="yes"></status>
</test>
<doc>Suite dos testes de cadastro</doc>
<status status="PASS" starttime="20200720 17:03:21.742" endtime="20200720 17:03:43.229"></status>
</suite>
<suite id="s1-s2" name="Produtos" source="C:\roboweek\ninjachef\web\tests\produtos.robot">
<test id="s1-s2-t1" name="Novo prato">
<kw name="Login Session" library="helpers" type="setup">
<arguments>
<arg>papito@yahoo.com</arg>
</arguments>
<kw name="Open Session" library="base">
<kw name="Open Browser" library="SeleniumLibrary">
<doc>Opens a new browser instance to the optional ``url``.</doc>
<arguments>
<arg>about:blank</arg>
<arg>chrome</arg>
</arguments>
<msg timestamp="20200720 17:03:43.240" level="INFO">Opening browser 'chrome' to base url 'about:blank'.</msg>
<status status="PASS" starttime="20200720 17:03:43.240" endtime="20200720 17:03:46.400"></status>
</kw>
<status status="PASS" starttime="20200720 17:03:43.239" endtime="20200720 17:03:46.400"></status>
</kw>
<kw name="Go To" library="SeleniumLibrary">
<doc>Navigates the current browser window to the provided ``url``.</doc>
<arguments>
<arg>${base_url}</arg>
</arguments>
<msg timestamp="20200720 17:03:46.402" level="INFO">Opening url 'http://ninjachef-qaninja-io.umbler.net/'</msg>
<status status="PASS" starttime="20200720 17:03:46.401" endtime="20200720 17:03:47.064"></status>
</kw>
<kw name="Input Text" library="SeleniumLibrary">
<doc>Types the given ``text`` into the text field identified by ``locator``.</doc>
<arguments>
<arg>${CAMPO_EMAIL}</arg>
<arg>${email}</arg>
</arguments>
<msg timestamp="20200720 17:03:47.065" level="INFO">Typing text 'papito@yahoo.com' into text field 'id:email'.</msg>
<status status="PASS" starttime="20200720 17:03:47.065" endtime="20200720 17:03:47.222"></status>
</kw>
<kw name="Click Element" library="SeleniumLibrary">
<doc>Click the element identified by ``locator``.</doc>
<arguments>
<arg>${BOTAO_ENTRAR}</arg>
</arguments>
<msg timestamp="20200720 17:03:47.222" level="INFO">Clicking element 'css:button[type=submit]'.</msg>
<status status="PASS" starttime="20200720 17:03:47.222" endtime="20200720 17:03:47.262"></status>
</kw>
<kw name="Wait Until Page Contains Element" library="SeleniumLibrary">
<doc>Waits until the element ``locator`` appears on the current page.</doc>
<arguments>
<arg>${DIV_DASH}</arg>
</arguments>
<status status="PASS" starttime="20200720 17:03:47.262" endtime="20200720 17:03:47.479"></status>
</kw>
<status status="PASS" starttime="20200720 17:03:43.239" endtime="20200720 17:03:47.479"></status>
</kw>
<kw name="Dado que &quot;${nhoque}&quot; é um dos meus pratos" library="kws">
<kw name="Set Test Variable" library="BuiltIn">
<doc>Makes a variable available everywhere within the scope of the current test.</doc>
<arguments>
<arg>${produto}</arg>
</arguments>
<msg timestamp="20200720 17:03:47.480" level="INFO">${produto} = foto=nhoque.jpg nome=Nnhoque molho páprica tipo=Massas preco=20.00</msg>
<status status="PASS" starttime="20200720 17:03:47.480" endtime="20200720 17:03:47.480"></status>
</kw>
<status status="PASS" starttime="20200720 17:03:47.480" endtime="20200720 17:03:47.481"></status>
</kw>
<kw name="Quando faço o cadastro desse item" library="kws">
<kw name="Wait Until Element Is Visible" library="SeleniumLibrary">
<doc>Waits until the element ``locator`` is visible.</doc>
<arguments>
<arg>${BOTAO_ADD}</arg>
<arg>5</arg>
</arguments>
<status status="PASS" starttime="20200720 17:03:47.481" endtime="20200720 17:03:47.732"></status>
</kw>
<kw name="Click Element" library="SeleniumLibrary">
<doc>Click the element identified by ``locator``.</doc>
<arguments>
<arg>${BOTAO_ADD}</arg>
</arguments>
<msg timestamp="20200720 17:03:47.732" level="INFO">Clicking element 'class:btn-add'.</msg>
<status status="PASS" starttime="20200720 17:03:47.732" endtime="20200720 17:03:47.799"></status>
</kw>
<kw name="Choose File" library="SeleniumLibrary">
<doc>Inputs the ``file_path`` into the file input field ``locator``.</doc>
<arguments>
<arg>${CAMPO_FOTO}</arg>
<arg>${EXECDIR}/resources/images/${produto['foto']}</arg>
</arguments>
<msg timestamp="20200720 17:03:47.800" level="FAIL">Resolving variable '${produto['foto']}' failed: TypeError: string indices must be integers</msg>
<status status="FAIL" starttime="20200720 17:03:47.799" endtime="20200720 17:03:47.800"></status>
</kw>
<status status="FAIL" starttime="20200720 17:03:47.481" endtime="20200720 17:03:47.801"></status>
</kw>
<kw name="Close Session" library="base" type="teardown">
<kw name="Capture Page Screenshot" library="SeleniumLibrary">
<doc>Takes a screenshot of the current page and embeds it into a log file.</doc>
<msg timestamp="20200720 17:03:48.136" level="INFO" html="yes">&lt;/td&gt;&lt;/tr&gt;&lt;tr&gt;&lt;td colspan="3"&gt;&lt;a href="selenium-screenshot-10.png"&gt;&lt;img src="selenium-screenshot-10.png" width="800px"&gt;&lt;/a&gt;</msg>
<status status="PASS" starttime="20200720 17:03:47.804" endtime="20200720 17:03:48.137"></status>
</kw>
<kw name="Close Browser" library="SeleniumLibrary">
<doc>Closes the current browser.</doc>
<status status="PASS" starttime="20200720 17:03:48.137" endtime="20200720 17:03:50.279"></status>
</kw>
<status status="PASS" starttime="20200720 17:03:47.803" endtime="20200720 17:03:50.279"></status>
</kw>
<status status="FAIL" starttime="20200720 17:03:43.238" endtime="20200720 17:03:50.280" critical="yes">Resolving variable '${produto['foto']}' failed: TypeError: string indices must be integers</status>
</test>
<doc>Cadastro de produtod/pratos
Sendo um cozinheiro amador
Quero cadastrar meus melhores pratos
Para que eu possa cozinha-los para outras pessoas</doc>
<status status="FAIL" starttime="20200720 17:03:43.232" endtime="20200720 17:03:50.282"></status>
</suite>
<status status="FAIL" starttime="20200720 17:03:21.717" endtime="20200720 17:03:50.285"></status>
</suite>
<statistics>
<total>
<stat pass="3" fail="1">Critical Tests</stat>
<stat pass="3" fail="1">All Tests</stat>
</total>
<tag>
</tag>
<suite>
<stat pass="3" fail="1" id="s1" name="Tests">Tests</stat>
<stat pass="3" fail="0" id="s1-s1" name="Cadastro-Usuario">Tests.Cadastro-Usuario</stat>
<stat pass="0" fail="1" id="s1-s2" name="Produtos">Tests.Produtos</stat>
</suite>
</statistics>
<errors>
</errors>
</robot>
